<?xml version="1.0" encoding="UTF-8"?>
<!-- Generated by org.testng.reporters.JUnitXMLReporter -->
<testsuite ignored="3" hostname="ORACLEO-BOQF6A9" failures="0" tests="5" name="testgrouping" time="0.05" errors="0" timestamp="2025-03-11T19:50:29 IST">
  <testcase classname="TestNG.GroupingsignupMethod" name="signupbyemail" time="0.011"/>
  <testcase classname="TestNG.GroupingsignupMethod" name="signupbyfacebook" time="0.001"/>
  <testcase classname="TestNG.GroupingsignupMethod" name="signupbytwitter" time="0.0"/>
  <testcase classname="TestNG.Groupingpayments" name="paymentinrupees" time="0.001"/>
  <testcase classname="TestNG.Groupingpayments" name="paymentindollars" time="0.0"/>
  <testcase classname="TestNG.GroupingloginMethod" name="loginbyemail" time="0.0">
    <ignored/>
  </testcase> <!-- loginbyemail -->
  <testcase classname="TestNG.GroupingloginMethod" name="loginbytwitter" time="0.0">
    <ignored/>
  </testcase> <!-- loginbytwitter -->
  <testcase classname="TestNG.GroupingloginMethod" name="loginbyfacebook" time="0.0">
    <ignored/>
  </testcase> <!-- loginbyfacebook -->
</testsuite> <!-- testgrouping -->
