<?xml version="1.0" encoding="UTF-8"?>
<!-- Generated by org.testng.reporters.JUnitReportReporter -->
<testsuite hostname="ORACLEO-BOQF6A9" failures="0" tests="2" name="TestNG.AnnotationsDemo2" time="0.009" errors="0" timestamp="2025-03-07T17:19:21 IST" skipped="0">
  <testcase classname="TestNG.AnnotationsDemo2" name="search" time="0.008"/>
  <system-out/>
  <testcase classname="TestNG.AnnotationsDemo2" name="advancesearch" time="0.001"/>
  <system-out/>
</testsuite> <!-- TestNG.AnnotationsDemo2 -->
