<?xml version="1.0" encoding="UTF-8"?>
<!-- Generated by org.testng.reporters.JUnitReportReporter -->
<testsuite hostname="ORACLEO-BOQF6A9" failures="0" tests="3" name="TestNG.GroupingloginMethod" time="0.010" errors="0" timestamp="2025-03-11T19:45:30 IST" skipped="0">
  <testcase classname="TestNG.GroupingloginMethod" name="loginbyemail" time="0.009"/>
  <system-out/>
  <testcase classname="TestNG.GroupingloginMethod" name="loginbyfacebook" time="0.001"/>
  <system-out/>
  <testcase classname="TestNG.GroupingloginMethod" name="loginbytwitter" time="0.000"/>
  <system-out/>
</testsuite> <!-- TestNG.GroupingloginMethod -->
