<?xml version="1.0" encoding="UTF-8"?>
<!-- Generated by org.testng.reporters.JUnitReportReporter -->
<testsuite hostname="ORACLEO-BOQF6A9" failures="0" tests="3" name="TestNG.GroupingsignupMethod" time="0.012" errors="0" timestamp="2025-03-11T19:50:29 IST" skipped="0">
  <testcase classname="TestNG.GroupingsignupMethod" name="signupbyemail" time="0.011"/>
  <system-out/>
  <testcase classname="TestNG.GroupingsignupMethod" name="signupbyfacebook" time="0.001"/>
  <system-out/>
  <testcase classname="TestNG.GroupingsignupMethod" name="signupbytwitter" time="0.000"/>
  <system-out/>
</testsuite> <!-- TestNG.GroupingsignupMethod -->
