<?xml version="1.0" encoding="UTF-8"?>
<!-- Generated by org.testng.reporters.JUnitReportReporter -->
<testsuite hostname="ORACLEO-BOQF6A9" failures="0" tests="2" name="TestNG.AnnotationsDemo1" time="0.015" errors="0" timestamp="2025-03-07T17:05:11 IST" skipped="0">
  <testcase classname="TestNG.AnnotationsDemo1" name="search" time="0.012"/>
  <system-out/>
  <testcase classname="TestNG.AnnotationsDemo1" name="advancedsearch" time="0.003"/>
  <system-out/>
</testsuite> <!-- TestNG.AnnotationsDemo1 -->
