<?xml version="1.0" encoding="UTF-8"?>
<!-- Generated by org.testng.reporters.JUnitReportReporter -->
<testsuite hostname="ORACLEO-BOQF6A9" failures="0" tests="2" name="TestNG.Groupingpayments" time="0.001" errors="0" timestamp="2025-03-11T19:50:29 IST" skipped="0">
  <testcase classname="TestNG.Groupingpayments" name="paymentinrupees" time="0.001"/>
  <system-out/>
  <testcase classname="TestNG.Groupingpayments" name="paymentindollars" time="0.000"/>
  <system-out/>
</testsuite> <!-- TestNG.Groupingpayments -->
