<?xml version="1.0" encoding="UTF-8"?>
<!-- Generated by org.testng.reporters.JUnitReportReporter -->
<testsuite hostname="ORACLEO-BOQF6A9" failures="0" tests="3" name="TestNG.firstTestCase" time="0.002" errors="0" timestamp="2025-03-07T17:37:59 IST" skipped="0">
  <testcase classname="TestNG.firstTestCase" name="openapp" time="0.000"/>
  <system-out/>
  <testcase classname="TestNG.firstTestCase" name="login" time="0.001"/>
  <system-out/>
  <testcase classname="TestNG.firstTestCase" name="logout" time="0.001"/>
  <system-out/>
</testsuite> <!-- TestNG.firstTestCase -->
