<?xml version="1.0" encoding="UTF-8"?>
<!-- Generated by org.testng.reporters.JUnitReportReporter -->
<testsuite hostname="ORACLEO-BOQF6A9" failures="0" tests="5" name="TestNG.dependencyMethods" time="0.015" errors="0" timestamp="2025-03-11T18:42:56 IST" skipped="0">
  <testcase classname="TestNG.dependencyMethods" name="openApp" time="0.011"/>
  <system-out/>
  <testcase classname="TestNG.dependencyMethods" name="login" time="0.001"/>
  <system-out/>
  <testcase classname="TestNG.dependencyMethods" name="search" time="0.001"/>
  <system-out/>
  <testcase classname="TestNG.dependencyMethods" name="advance_search" time="0.001"/>
  <system-out/>
  <testcase classname="TestNG.dependencyMethods" name="logout" time="0.001"/>
  <system-out/>
</testsuite> <!-- TestNG.dependencyMethods -->
